[27-Mar-2019 22:25:45 UTC] PHP Warning:  include(../dbConnection.php): failed to open stream: No such file or directory in /home/ubuntu/workspace/s19cst336/Exam/midterm/api/getUser.php on line 2
[27-Mar-2019 22:25:45 UTC] PHP Stack trace:
[27-Mar-2019 22:25:45 UTC] PHP   1. {main}() /home/ubuntu/workspace/s19cst336/Exam/midterm/api/getUser.php:0
[27-Mar-2019 22:25:45 UTC] PHP Warning:  include(): Failed opening '../dbConnection.php' for inclusion (include_path='.:/usr/share/php:/usr/share/pear') in /home/ubuntu/workspace/s19cst336/Exam/midterm/api/getUser.php on line 2
[27-Mar-2019 22:25:45 UTC] PHP Stack trace:
[27-Mar-2019 22:25:45 UTC] PHP   1. {main}() /home/ubuntu/workspace/s19cst336/Exam/midterm/api/getUser.php:0
[27-Mar-2019 22:25:45 UTC] PHP Fatal error:  Call to undefined function getDatabaseConnection() in /home/ubuntu/workspace/s19cst336/Exam/midterm/api/getUser.php on line 4
[27-Mar-2019 22:25:45 UTC] PHP Stack trace:
[27-Mar-2019 22:25:45 UTC] PHP   1. {main}() /home/ubuntu/workspace/s19cst336/Exam/midterm/api/getUser.php:0
[27-Mar-2019 22:29:16 UTC] PHP Warning:  include(../dbConnection.php): failed to open stream: No such file or directory in /home/ubuntu/workspace/s19cst336/Exam/midterm/api/getUser.php on line 2
[27-Mar-2019 22:29:16 UTC] PHP Stack trace:
[27-Mar-2019 22:29:16 UTC] PHP   1. {main}() /home/ubuntu/workspace/s19cst336/Exam/midterm/api/getUser.php:0
[27-Mar-2019 22:29:16 UTC] PHP Warning:  include(): Failed opening '../dbConnection.php' for inclusion (include_path='.:/usr/share/php:/usr/share/pear') in /home/ubuntu/workspace/s19cst336/Exam/midterm/api/getUser.php on line 2
[27-Mar-2019 22:29:16 UTC] PHP Stack trace:
[27-Mar-2019 22:29:16 UTC] PHP   1. {main}() /home/ubuntu/workspace/s19cst336/Exam/midterm/api/getUser.php:0
[27-Mar-2019 22:29:16 UTC] PHP Fatal error:  Call to undefined function getDatabaseConnection() in /home/ubuntu/workspace/s19cst336/Exam/midterm/api/getUser.php on line 4
[27-Mar-2019 22:29:16 UTC] PHP Stack trace:
[27-Mar-2019 22:29:16 UTC] PHP   1. {main}() /home/ubuntu/workspace/s19cst336/Exam/midterm/api/getUser.php:0
[27-Mar-2019 23:52:11 UTC] PHP Fatal error:  Uncaught exception 'PDOException' with message 'SQLSTATE[42000]: Syntax error or access violation: 1064 You have an error in your SQL syntax; check the manual that corresponds to your MySQL server version for the right syntax to use near 'match WHERE 1' at line 1' in /home/ubuntu/workspace/s19cst336/Exam/midterm/api/getMatch.php:7
Stack trace:
#0 /home/ubuntu/workspace/s19cst336/Exam/midterm/api/getMatch.php(7): PDOStatement->execute()
#1 {main}
  thrown in /home/ubuntu/workspace/s19cst336/Exam/midterm/api/getMatch.php on line 7
[27-Mar-2019 23:52:36 UTC] PHP Fatal error:  Uncaught exception 'PDOException' with message 'SQLSTATE[42000]: Syntax error or access violation: 1064 You have an error in your SQL syntax; check the manual that corresponds to your MySQL server version for the right syntax to use near 'match WHERE 1' at line 1' in /home/ubuntu/workspace/s19cst336/Exam/midterm/api/getMatch.php:7
Stack trace:
#0 /home/ubuntu/workspace/s19cst336/Exam/midterm/api/getMatch.php(7): PDOStatement->execute()
#1 {main}
  thrown in /home/ubuntu/workspace/s19cst336/Exam/midterm/api/getMatch.php on line 7
[27-Mar-2019 23:53:11 UTC] PHP Fatal error:  Uncaught exception 'PDOException' with message 'SQLSTATE[42000]: Syntax error or access violation: 1064 You have an error in your SQL syntax; check the manual that corresponds to your MySQL server version for the right syntax to use near 'match WHERE 1' at line 1' in /home/ubuntu/workspace/s19cst336/Exam/midterm/api/getMatch.php:7
Stack trace:
#0 /home/ubuntu/workspace/s19cst336/Exam/midterm/api/getMatch.php(7): PDOStatement->execute()
#1 {main}
  thrown in /home/ubuntu/workspace/s19cst336/Exam/midterm/api/getMatch.php on line 7
[27-Mar-2019 23:53:36 UTC] PHP Fatal error:  Uncaught exception 'PDOException' with message 'SQLSTATE[42000]: Syntax error or access violation: 1064 You have an error in your SQL syntax; check the manual that corresponds to your MySQL server version for the right syntax to use near 'match WHERE 1' at line 1' in /home/ubuntu/workspace/s19cst336/Exam/midterm/api/getMatch.php:7
Stack trace:
#0 /home/ubuntu/workspace/s19cst336/Exam/midterm/api/getMatch.php(7): PDOStatement->execute()
#1 {main}
  thrown in /home/ubuntu/workspace/s19cst336/Exam/midterm/api/getMatch.php on line 7
[27-Mar-2019 23:54:05 UTC] PHP Fatal error:  Uncaught exception 'PDOException' with message 'SQLSTATE[42000]: Syntax error or access violation: 1064 You have an error in your SQL syntax; check the manual that corresponds to your MySQL server version for the right syntax to use near 'match WHERE 1' at line 1' in /home/ubuntu/workspace/s19cst336/Exam/midterm/api/getMatch.php:7
Stack trace:
#0 /home/ubuntu/workspace/s19cst336/Exam/midterm/api/getMatch.php(7): PDOStatement->execute()
#1 {main}
  thrown in /home/ubuntu/workspace/s19cst336/Exam/midterm/api/getMatch.php on line 7
[28-Mar-2019 00:15:45 UTC] PHP Fatal error:  Uncaught exception 'PDOException' with message 'SQLSTATE[42000]: Syntax error or access violation: 1064 You have an error in your SQL syntax; check the manual that corresponds to your MySQL server version for the right syntax to use near 'match WHERE 1' at line 1' in /home/ubuntu/workspace/s19cst336/Exam/midterm/api/getMatch.php:7
Stack trace:
#0 /home/ubuntu/workspace/s19cst336/Exam/midterm/api/getMatch.php(7): PDOStatement->execute()
#1 {main}
  thrown in /home/ubuntu/workspace/s19cst336/Exam/midterm/api/getMatch.php on line 7
[28-Mar-2019 00:15:48 UTC] PHP Fatal error:  Uncaught exception 'PDOException' with message 'SQLSTATE[42000]: Syntax error or access violation: 1064 You have an error in your SQL syntax; check the manual that corresponds to your MySQL server version for the right syntax to use near 'match WHERE 1' at line 1' in /home/ubuntu/workspace/s19cst336/Exam/midterm/api/getMatch.php:7
Stack trace:
#0 /home/ubuntu/workspace/s19cst336/Exam/midterm/api/getMatch.php(7): PDOStatement->execute()
#1 {main}
  thrown in /home/ubuntu/workspace/s19cst336/Exam/midterm/api/getMatch.php on line 7
[28-Mar-2019 00:16:24 UTC] PHP Fatal error:  Uncaught exception 'PDOException' with message 'SQLSTATE[42000]: Syntax error or access violation: 1064 You have an error in your SQL syntax; check the manual that corresponds to your MySQL server version for the right syntax to use near 'match WHERE 1' at line 1' in /home/ubuntu/workspace/s19cst336/Exam/midterm/api/getMatch.php:7
Stack trace:
#0 /home/ubuntu/workspace/s19cst336/Exam/midterm/api/getMatch.php(7): PDOStatement->execute()
#1 {main}
  thrown in /home/ubuntu/workspace/s19cst336/Exam/midterm/api/getMatch.php on line 7
[28-Mar-2019 00:16:24 UTC] PHP Fatal error:  Uncaught exception 'PDOException' with message 'SQLSTATE[42000]: Syntax error or access violation: 1064 You have an error in your SQL syntax; check the manual that corresponds to your MySQL server version for the right syntax to use near 'match WHERE 1' at line 1' in /home/ubuntu/workspace/s19cst336/Exam/midterm/api/getMatch.php:7
Stack trace:
#0 /home/ubuntu/workspace/s19cst336/Exam/midterm/api/getMatch.php(7): PDOStatement->execute()
#1 {main}
  thrown in /home/ubuntu/workspace/s19cst336/Exam/midterm/api/getMatch.php on line 7
[28-Mar-2019 00:16:36 UTC] PHP Fatal error:  Uncaught exception 'PDOException' with message 'SQLSTATE[42000]: Syntax error or access violation: 1064 You have an error in your SQL syntax; check the manual that corresponds to your MySQL server version for the right syntax to use near 'match WHERE 1' at line 1' in /home/ubuntu/workspace/s19cst336/Exam/midterm/api/getMatch.php:7
Stack trace:
#0 /home/ubuntu/workspace/s19cst336/Exam/midterm/api/getMatch.php(7): PDOStatement->execute()
#1 {main}
  thrown in /home/ubuntu/workspace/s19cst336/Exam/midterm/api/getMatch.php on line 7
[28-Mar-2019 00:16:37 UTC] PHP Fatal error:  Uncaught exception 'PDOException' with message 'SQLSTATE[42000]: Syntax error or access violation: 1064 You have an error in your SQL syntax; check the manual that corresponds to your MySQL server version for the right syntax to use near 'match WHERE 1' at line 1' in /home/ubuntu/workspace/s19cst336/Exam/midterm/api/getMatch.php:7
Stack trace:
#0 /home/ubuntu/workspace/s19cst336/Exam/midterm/api/getMatch.php(7): PDOStatement->execute()
#1 {main}
  thrown in /home/ubuntu/workspace/s19cst336/Exam/midterm/api/getMatch.php on line 7
[28-Mar-2019 00:16:37 UTC] PHP Fatal error:  Uncaught exception 'PDOException' with message 'SQLSTATE[42000]: Syntax error or access violation: 1064 You have an error in your SQL syntax; check the manual that corresponds to your MySQL server version for the right syntax to use near 'match WHERE 1' at line 1' in /home/ubuntu/workspace/s19cst336/Exam/midterm/api/getMatch.php:7
Stack trace:
#0 /home/ubuntu/workspace/s19cst336/Exam/midterm/api/getMatch.php(7): PDOStatement->execute()
#1 {main}
  thrown in /home/ubuntu/workspace/s19cst336/Exam/midterm/api/getMatch.php on line 7
[28-Mar-2019 00:17:31 UTC] PHP Fatal error:  Uncaught exception 'PDOException' with message 'SQLSTATE[42000]: Syntax error or access violation: 1064 You have an error in your SQL syntax; check the manual that corresponds to your MySQL server version for the right syntax to use near 'match WHERE 1' at line 1' in /home/ubuntu/workspace/s19cst336/Exam/midterm/api/getMatch.php:7
Stack trace:
#0 /home/ubuntu/workspace/s19cst336/Exam/midterm/api/getMatch.php(7): PDOStatement->execute()
#1 {main}
  thrown in /home/ubuntu/workspace/s19cst336/Exam/midterm/api/getMatch.php on line 7
[28-Mar-2019 00:17:59 UTC] PHP Fatal error:  Uncaught exception 'PDOException' with message 'SQLSTATE[42000]: Syntax error or access violation: 1064 You have an error in your SQL syntax; check the manual that corresponds to your MySQL server version for the right syntax to use near 'match WHERE 1' at line 1' in /home/ubuntu/workspace/s19cst336/Exam/midterm/api/getMatch.php:7
Stack trace:
#0 /home/ubuntu/workspace/s19cst336/Exam/midterm/api/getMatch.php(7): PDOStatement->execute()
#1 {main}
  thrown in /home/ubuntu/workspace/s19cst336/Exam/midterm/api/getMatch.php on line 7
[28-Mar-2019 00:19:34 UTC] PHP Fatal error:  Uncaught exception 'PDOException' with message 'SQLSTATE[42000]: Syntax error or access violation: 1064 You have an error in your SQL syntax; check the manual that corresponds to your MySQL server version for the right syntax to use near ''match' WHERE 1' at line 1' in /home/ubuntu/workspace/s19cst336/Exam/midterm/api/getMatch.php:7
Stack trace:
#0 /home/ubuntu/workspace/s19cst336/Exam/midterm/api/getMatch.php(7): PDOStatement->execute()
#1 {main}
  thrown in /home/ubuntu/workspace/s19cst336/Exam/midterm/api/getMatch.php on line 7
[28-Mar-2019 00:31:57 UTC] PHP Fatal error:  Uncaught exception 'PDOException' with message 'SQLSTATE[42000]: Syntax error or access violation: 1064 You have an error in your SQL syntax; check the manual that corresponds to your MySQL server version for the right syntax to use near 'match INNER JOIN user WHERE 1' at line 1' in /home/ubuntu/workspace/s19cst336/Exam/midterm/api/getMatch.php:7
Stack trace:
#0 /home/ubuntu/workspace/s19cst336/Exam/midterm/api/getMatch.php(7): PDOStatement->execute()
#1 {main}
  thrown in /home/ubuntu/workspace/s19cst336/Exam/midterm/api/getMatch.php on line 7
[28-Mar-2019 00:31:58 UTC] PHP Fatal error:  Uncaught exception 'PDOException' with message 'SQLSTATE[42000]: Syntax error or access violation: 1064 You have an error in your SQL syntax; check the manual that corresponds to your MySQL server version for the right syntax to use near 'match INNER JOIN user WHERE 1' at line 1' in /home/ubuntu/workspace/s19cst336/Exam/midterm/api/getMatch.php:7
Stack trace:
#0 /home/ubuntu/workspace/s19cst336/Exam/midterm/api/getMatch.php(7): PDOStatement->execute()
#1 {main}
  thrown in /home/ubuntu/workspace/s19cst336/Exam/midterm/api/getMatch.php on line 7
[28-Mar-2019 00:31:58 UTC] PHP Fatal error:  Uncaught exception 'PDOException' with message 'SQLSTATE[42000]: Syntax error or access violation: 1064 You have an error in your SQL syntax; check the manual that corresponds to your MySQL server version for the right syntax to use near 'match INNER JOIN user WHERE 1' at line 1' in /home/ubuntu/workspace/s19cst336/Exam/midterm/api/getMatch.php:7
Stack trace:
#0 /home/ubuntu/workspace/s19cst336/Exam/midterm/api/getMatch.php(7): PDOStatement->execute()
#1 {main}
  thrown in /home/ubuntu/workspace/s19cst336/Exam/midterm/api/getMatch.php on line 7
[28-Mar-2019 00:31:59 UTC] PHP Fatal error:  Uncaught exception 'PDOException' with message 'SQLSTATE[42000]: Syntax error or access violation: 1064 You have an error in your SQL syntax; check the manual that corresponds to your MySQL server version for the right syntax to use near 'match INNER JOIN user WHERE 1' at line 1' in /home/ubuntu/workspace/s19cst336/Exam/midterm/api/getMatch.php:7
Stack trace:
#0 /home/ubuntu/workspace/s19cst336/Exam/midterm/api/getMatch.php(7): PDOStatement->execute()
#1 {main}
  thrown in /home/ubuntu/workspace/s19cst336/Exam/midterm/api/getMatch.php on line 7
[28-Mar-2019 00:32:39 UTC] PHP Fatal error:  Uncaught exception 'PDOException' with message 'SQLSTATE[42000]: Syntax error or access violation: 1064 You have an error in your SQL syntax; check the manual that corresponds to your MySQL server version for the right syntax to use near ''match' INNER JOIN user WHERE 1' at line 1' in /home/ubuntu/workspace/s19cst336/Exam/midterm/api/getMatch.php:7
Stack trace:
#0 /home/ubuntu/workspace/s19cst336/Exam/midterm/api/getMatch.php(7): PDOStatement->execute()
#1 {main}
  thrown in /home/ubuntu/workspace/s19cst336/Exam/midterm/api/getMatch.php on line 7
[28-Mar-2019 00:32:40 UTC] PHP Fatal error:  Uncaught exception 'PDOException' with message 'SQLSTATE[42000]: Syntax error or access violation: 1064 You have an error in your SQL syntax; check the manual that corresponds to your MySQL server version for the right syntax to use near ''match' INNER JOIN user WHERE 1' at line 1' in /home/ubuntu/workspace/s19cst336/Exam/midterm/api/getMatch.php:7
Stack trace:
#0 /home/ubuntu/workspace/s19cst336/Exam/midterm/api/getMatch.php(7): PDOStatement->execute()
#1 {main}
  thrown in /home/ubuntu/workspace/s19cst336/Exam/midterm/api/getMatch.php on line 7
[28-Mar-2019 00:45:55 UTC] PHP Fatal error:  Uncaught exception 'PDOException' with message 'SQLSTATE[42000]: Syntax error or access violation: 1064 You have an error in your SQL syntax; check the manual that corresponds to your MySQL server version for the right syntax to use near 'OUTER JOIN user WHERE 1' at line 1' in /home/ubuntu/workspace/s19cst336/Exam/midterm/api/getMatch.php:7
Stack trace:
#0 /home/ubuntu/workspace/s19cst336/Exam/midterm/api/getMatch.php(7): PDOStatement->execute()
#1 {main}
  thrown in /home/ubuntu/workspace/s19cst336/Exam/midterm/api/getMatch.php on line 7
[28-Mar-2019 00:45:57 UTC] PHP Fatal error:  Uncaught exception 'PDOException' with message 'SQLSTATE[42000]: Syntax error or access violation: 1064 You have an error in your SQL syntax; check the manual that corresponds to your MySQL server version for the right syntax to use near 'OUTER JOIN user WHERE 1' at line 1' in /home/ubuntu/workspace/s19cst336/Exam/midterm/api/getMatch.php:7
Stack trace:
#0 /home/ubuntu/workspace/s19cst336/Exam/midterm/api/getMatch.php(7): PDOStatement->execute()
#1 {main}
  thrown in /home/ubuntu/workspace/s19cst336/Exam/midterm/api/getMatch.php on line 7
