[12-May-2019 00:54:40 UTC] PHP Warning:  include(dbConnection.php): failed to open stream: No such file or directory in /home/ubuntu/workspace/s19cst336/Final/api/signUP.php on line 2
[12-May-2019 00:54:40 UTC] PHP Stack trace:
[12-May-2019 00:54:40 UTC] PHP   1. {main}() /home/ubuntu/workspace/s19cst336/Final/api/signUP.php:0
[12-May-2019 00:54:40 UTC] PHP Warning:  include(): Failed opening 'dbConnection.php' for inclusion (include_path='.:/usr/share/php:/usr/share/pear') in /home/ubuntu/workspace/s19cst336/Final/api/signUP.php on line 2
[12-May-2019 00:54:40 UTC] PHP Stack trace:
[12-May-2019 00:54:40 UTC] PHP   1. {main}() /home/ubuntu/workspace/s19cst336/Final/api/signUP.php:0
[12-May-2019 00:54:40 UTC] PHP Fatal error:  Call to undefined function getDatabaseConnection() in /home/ubuntu/workspace/s19cst336/Final/api/signUP.php on line 8
[12-May-2019 00:54:40 UTC] PHP Stack trace:
[12-May-2019 00:54:40 UTC] PHP   1. {main}() /home/ubuntu/workspace/s19cst336/Final/api/signUP.php:0
[12-May-2019 00:57:25 UTC] PHP Warning:  include(dbConnection.php): failed to open stream: No such file or directory in /home/ubuntu/workspace/s19cst336/Final/api/signUP.php on line 2
[12-May-2019 00:57:25 UTC] PHP Stack trace:
[12-May-2019 00:57:25 UTC] PHP   1. {main}() /home/ubuntu/workspace/s19cst336/Final/api/signUP.php:0
[12-May-2019 00:57:25 UTC] PHP Warning:  include(): Failed opening 'dbConnection.php' for inclusion (include_path='.:/usr/share/php:/usr/share/pear') in /home/ubuntu/workspace/s19cst336/Final/api/signUP.php on line 2
[12-May-2019 00:57:25 UTC] PHP Stack trace:
[12-May-2019 00:57:25 UTC] PHP   1. {main}() /home/ubuntu/workspace/s19cst336/Final/api/signUP.php:0
[12-May-2019 00:57:25 UTC] PHP Fatal error:  Call to undefined function getDatabaseConnection() in /home/ubuntu/workspace/s19cst336/Final/api/signUP.php on line 8
[12-May-2019 00:57:25 UTC] PHP Stack trace:
[12-May-2019 00:57:25 UTC] PHP   1. {main}() /home/ubuntu/workspace/s19cst336/Final/api/signUP.php:0
[12-May-2019 00:58:17 UTC] PHP Warning:  include(dbConnection.php): failed to open stream: No such file or directory in /home/ubuntu/workspace/s19cst336/Final/api/signUP.php on line 2
[12-May-2019 00:58:17 UTC] PHP Stack trace:
[12-May-2019 00:58:17 UTC] PHP   1. {main}() /home/ubuntu/workspace/s19cst336/Final/api/signUP.php:0
[12-May-2019 00:58:17 UTC] PHP Warning:  include(): Failed opening 'dbConnection.php' for inclusion (include_path='.:/usr/share/php:/usr/share/pear') in /home/ubuntu/workspace/s19cst336/Final/api/signUP.php on line 2
[12-May-2019 00:58:17 UTC] PHP Stack trace:
[12-May-2019 00:58:17 UTC] PHP   1. {main}() /home/ubuntu/workspace/s19cst336/Final/api/signUP.php:0
[12-May-2019 00:58:17 UTC] PHP Fatal error:  Call to undefined function getDatabaseConnection() in /home/ubuntu/workspace/s19cst336/Final/api/signUP.php on line 8
[12-May-2019 00:58:17 UTC] PHP Stack trace:
[12-May-2019 00:58:17 UTC] PHP   1. {main}() /home/ubuntu/workspace/s19cst336/Final/api/signUP.php:0
[12-May-2019 01:03:09 UTC] PHP Warning:  include(dbConnection.php): failed to open stream: No such file or directory in /home/ubuntu/workspace/s19cst336/Final/api/signUP.php on line 2
[12-May-2019 01:03:09 UTC] PHP Stack trace:
[12-May-2019 01:03:09 UTC] PHP   1. {main}() /home/ubuntu/workspace/s19cst336/Final/api/signUP.php:0
[12-May-2019 01:03:09 UTC] PHP Warning:  include(): Failed opening 'dbConnection.php' for inclusion (include_path='.:/usr/share/php:/usr/share/pear') in /home/ubuntu/workspace/s19cst336/Final/api/signUP.php on line 2
[12-May-2019 01:03:09 UTC] PHP Stack trace:
[12-May-2019 01:03:09 UTC] PHP   1. {main}() /home/ubuntu/workspace/s19cst336/Final/api/signUP.php:0
[12-May-2019 01:03:09 UTC] PHP Fatal error:  Call to undefined function getDatabaseConnection() in /home/ubuntu/workspace/s19cst336/Final/api/signUP.php on line 8
[12-May-2019 01:03:09 UTC] PHP Stack trace:
[12-May-2019 01:03:09 UTC] PHP   1. {main}() /home/ubuntu/workspace/s19cst336/Final/api/signUP.php:0
[12-May-2019 01:05:31 UTC] PHP Warning:  include(dbConnection.php): failed to open stream: No such file or directory in /home/ubuntu/workspace/s19cst336/Final/api/signUP.php on line 2
[12-May-2019 01:05:31 UTC] PHP Stack trace:
[12-May-2019 01:05:31 UTC] PHP   1. {main}() /home/ubuntu/workspace/s19cst336/Final/api/signUP.php:0
[12-May-2019 01:05:31 UTC] PHP Warning:  include(): Failed opening 'dbConnection.php' for inclusion (include_path='.:/usr/share/php:/usr/share/pear') in /home/ubuntu/workspace/s19cst336/Final/api/signUP.php on line 2
[12-May-2019 01:05:31 UTC] PHP Stack trace:
[12-May-2019 01:05:31 UTC] PHP   1. {main}() /home/ubuntu/workspace/s19cst336/Final/api/signUP.php:0
[12-May-2019 01:05:31 UTC] PHP Fatal error:  Call to undefined function getDatabaseConnection() in /home/ubuntu/workspace/s19cst336/Final/api/signUP.php on line 8
[12-May-2019 01:05:31 UTC] PHP Stack trace:
[12-May-2019 01:05:31 UTC] PHP   1. {main}() /home/ubuntu/workspace/s19cst336/Final/api/signUP.php:0
[12-May-2019 02:05:14 UTC] PHP Fatal error:  Uncaught exception 'PDOException' with message 'SQLSTATE[42S22]: Column not found: 1054 Unknown column 'fduenez' in 'where clause'' in /home/ubuntu/workspace/s19cst336/Final/api/signIn.php:11
Stack trace:
#0 /home/ubuntu/workspace/s19cst336/Final/api/signIn.php(11): PDO->prepare('SELECT `passwor...')
#1 {main}
  thrown in /home/ubuntu/workspace/s19cst336/Final/api/signIn.php on line 11
[12-May-2019 02:09:03 UTC] PHP Fatal error:  Uncaught exception 'PDOException' with message 'SQLSTATE[42S22]: Column not found: 1054 Unknown column 'username = fduenez' in 'where clause'' in /home/ubuntu/workspace/s19cst336/Final/api/signIn.php:11
Stack trace:
#0 /home/ubuntu/workspace/s19cst336/Final/api/signIn.php(11): PDO->prepare('SELECT `passwor...')
#1 {main}
  thrown in /home/ubuntu/workspace/s19cst336/Final/api/signIn.php on line 11
[12-May-2019 02:09:29 UTC] PHP Warning:  password_verify() expects parameter 1 to be string, array given in /home/ubuntu/workspace/s19cst336/Final/api/signIn.php on line 18
[12-May-2019 02:09:29 UTC] PHP Stack trace:
[12-May-2019 02:09:29 UTC] PHP   1. {main}() /home/ubuntu/workspace/s19cst336/Final/api/signIn.php:0
[12-May-2019 02:09:29 UTC] PHP   2. password_verify() /home/ubuntu/workspace/s19cst336/Final/api/signIn.php:18
[12-May-2019 05:29:10 UTC] PHP Warning:  password_verify() expects parameter 1 to be string, array given in /home/ubuntu/workspace/s19cst336/Final/api/signIn.php on line 18
[12-May-2019 05:29:10 UTC] PHP Stack trace:
[12-May-2019 05:29:10 UTC] PHP   1. {main}() /home/ubuntu/workspace/s19cst336/Final/api/signIn.php:0
[12-May-2019 05:29:10 UTC] PHP   2. password_verify() /home/ubuntu/workspace/s19cst336/Final/api/signIn.php:18
[12-May-2019 05:32:10 UTC] PHP Warning:  password_verify() expects parameter 1 to be string, array given in /home/ubuntu/workspace/s19cst336/Final/api/signIn.php on line 18
[12-May-2019 05:32:10 UTC] PHP Stack trace:
[12-May-2019 05:32:10 UTC] PHP   1. {main}() /home/ubuntu/workspace/s19cst336/Final/api/signIn.php:0
[12-May-2019 05:32:10 UTC] PHP   2. password_verify() /home/ubuntu/workspace/s19cst336/Final/api/signIn.php:18
[12-May-2019 05:33:40 UTC] PHP Fatal error:  Call to undefined function jason_encode() in /home/ubuntu/workspace/s19cst336/Final/api/signIn.php on line 15
[12-May-2019 05:33:40 UTC] PHP Stack trace:
[12-May-2019 05:33:40 UTC] PHP   1. {main}() /home/ubuntu/workspace/s19cst336/Final/api/signIn.php:0
[12-May-2019 05:38:04 UTC] PHP Warning:  json_encode() expects at least 1 parameter, 0 given in /home/ubuntu/workspace/s19cst336/Final/api/signIn.php on line 15
[12-May-2019 05:38:04 UTC] PHP Stack trace:
[12-May-2019 05:38:04 UTC] PHP   1. {main}() /home/ubuntu/workspace/s19cst336/Final/api/signIn.php:0
[12-May-2019 05:38:04 UTC] PHP   2. json_encode() /home/ubuntu/workspace/s19cst336/Final/api/signIn.php:15
[12-May-2019 20:32:45 UTC] PHP Fatal error:  Uncaught exception 'PDOException' with message 'SQLSTATE[42000]: Syntax error or access violation: 1064 You have an error in your SQL syntax; check the manual that corresponds to your MySQL server version for the right syntax to use near '* FROM `reserve` WHERE `id` = 1' at line 1' in /home/ubuntu/workspace/s19cst336/Final/api/deleteRow.php:11
Stack trace:
#0 /home/ubuntu/workspace/s19cst336/Final/api/deleteRow.php(11): PDO->prepare('DELETE * FROM `...')
#1 {main}
  thrown in /home/ubuntu/workspace/s19cst336/Final/api/deleteRow.php on line 11
[13-May-2019 03:13:06 UTC] PHP Fatal error:  Uncaught exception 'PDOException' with message 'SQLSTATE[42000]: Syntax error or access violation: 1064 You have an error in your SQL syntax; check the manual that corresponds to your MySQL server version for the right syntax to use near ''Not Booked' at line 1' in /home/ubuntu/workspace/s19cst336/Final/api/insert.php:15
Stack trace:
#0 /home/ubuntu/workspace/s19cst336/Final/api/insert.php(15): PDO->prepare('INSERT INTO `re...')
#1 {main}
  thrown in /home/ubuntu/workspace/s19cst336/Final/api/insert.php on line 15
[13-May-2019 03:13:59 UTC] PHP Fatal error:  Uncaught exception 'PDOException' with message 'SQLSTATE[42000]: Syntax error or access violation: 1064 You have an error in your SQL syntax; check the manual that corresponds to your MySQL server version for the right syntax to use near ''Not Booked' at line 1' in /home/ubuntu/workspace/s19cst336/Final/api/insert.php:15
Stack trace:
#0 /home/ubuntu/workspace/s19cst336/Final/api/insert.php(15): PDO->prepare('INSERT INTO `re...')
#1 {main}
  thrown in /home/ubuntu/workspace/s19cst336/Final/api/insert.php on line 15
[13-May-2019 03:16:59 UTC] PHP Fatal error:  Uncaught exception 'PDOException' with message 'SQLSTATE[42000]: Syntax error or access violation: 1064 You have an error in your SQL syntax; check the manual that corresponds to your MySQL server version for the right syntax to use near ''Not Booked' at line 1' in /home/ubuntu/workspace/s19cst336/Final/api/insert.php:15
Stack trace:
#0 /home/ubuntu/workspace/s19cst336/Final/api/insert.php(15): PDO->prepare('INSERT INTO `re...')
#1 {main}
  thrown in /home/ubuntu/workspace/s19cst336/Final/api/insert.php on line 15
[13-May-2019 03:17:42 UTC] PHP Fatal error:  Uncaught exception 'PDOException' with message 'SQLSTATE[42000]: Syntax error or access violation: 1064 You have an error in your SQL syntax; check the manual that corresponds to your MySQL server version for the right syntax to use near ''Not Booked' at line 1' in /home/ubuntu/workspace/s19cst336/Final/api/insert.php:15
Stack trace:
#0 /home/ubuntu/workspace/s19cst336/Final/api/insert.php(15): PDO->prepare('INSERT INTO `re...')
#1 {main}
  thrown in /home/ubuntu/workspace/s19cst336/Final/api/insert.php on line 15
[13-May-2019 03:18:57 UTC] PHP Fatal error:  Uncaught exception 'PDOException' with message 'SQLSTATE[42000]: Syntax error or access violation: 1064 You have an error in your SQL syntax; check the manual that corresponds to your MySQL server version for the right syntax to use near ''Not Booked' at line 1' in /home/ubuntu/workspace/s19cst336/Final/api/insert.php:15
Stack trace:
#0 /home/ubuntu/workspace/s19cst336/Final/api/insert.php(15): PDO->prepare('INSERT INTO `re...')
#1 {main}
  thrown in /home/ubuntu/workspace/s19cst336/Final/api/insert.php on line 15
[13-May-2019 03:19:53 UTC] PHP Fatal error:  Uncaught exception 'PDOException' with message 'SQLSTATE[42000]: Syntax error or access violation: 1064 You have an error in your SQL syntax; check the manual that corresponds to your MySQL server version for the right syntax to use near '' at line 1' in /home/ubuntu/workspace/s19cst336/Final/api/insert.php:15
Stack trace:
#0 /home/ubuntu/workspace/s19cst336/Final/api/insert.php(15): PDO->prepare('INSERT INTO `re...')
#1 {main}
  thrown in /home/ubuntu/workspace/s19cst336/Final/api/insert.php on line 15
[13-May-2019 20:09:17 UTC] PHP Fatal error:  Uncaught exception 'PDOException' with message 'SQLSTATE[42S22]: Column not found: 1054 Unknown column 'id=13' in 'where clause'' in /home/ubuntu/workspace/s19cst336/Final/api/selectRow.php:12
Stack trace:
#0 /home/ubuntu/workspace/s19cst336/Final/api/selectRow.php(12): PDO->prepare('SELECT 1 FROM `...')
#1 {main}
  thrown in /home/ubuntu/workspace/s19cst336/Final/api/selectRow.php on line 12
[13-May-2019 20:09:59 UTC] PHP Fatal error:  Uncaught exception 'PDOException' with message 'SQLSTATE[42S22]: Column not found: 1054 Unknown column 'id=13' in 'where clause'' in /home/ubuntu/workspace/s19cst336/Final/api/selectRow.php:12
Stack trace:
#0 /home/ubuntu/workspace/s19cst336/Final/api/selectRow.php(12): PDO->prepare('SELECT 1 FROM `...')
#1 {main}
  thrown in /home/ubuntu/workspace/s19cst336/Final/api/selectRow.php on line 12
[13-May-2019 20:10:17 UTC] PHP Fatal error:  Uncaught exception 'PDOException' with message 'SQLSTATE[42S22]: Column not found: 1054 Unknown column 'id=13' in 'where clause'' in /home/ubuntu/workspace/s19cst336/Final/api/selectRow.php:12
Stack trace:
#0 /home/ubuntu/workspace/s19cst336/Final/api/selectRow.php(12): PDO->prepare('SELECT 1 FROM `...')
#1 {main}
  thrown in /home/ubuntu/workspace/s19cst336/Final/api/selectRow.php on line 12
[13-May-2019 20:12:00 UTC] PHP Fatal error:  Uncaught exception 'PDOException' with message 'SQLSTATE[42S22]: Column not found: 1054 Unknown column 'id=13' in 'where clause'' in /home/ubuntu/workspace/s19cst336/Final/api/selectRow.php:12
Stack trace:
#0 /home/ubuntu/workspace/s19cst336/Final/api/selectRow.php(12): PDO->prepare('SELECT 1 FROM `...')
#1 {main}
  thrown in /home/ubuntu/workspace/s19cst336/Final/api/selectRow.php on line 12
[13-May-2019 20:12:01 UTC] PHP Fatal error:  Uncaught exception 'PDOException' with message 'SQLSTATE[42S22]: Column not found: 1054 Unknown column 'id=13' in 'where clause'' in /home/ubuntu/workspace/s19cst336/Final/api/selectRow.php:12
Stack trace:
#0 /home/ubuntu/workspace/s19cst336/Final/api/selectRow.php(12): PDO->prepare('SELECT 1 FROM `...')
#1 {main}
  thrown in /home/ubuntu/workspace/s19cst336/Final/api/selectRow.php on line 12
[13-May-2019 20:12:53 UTC] PHP Fatal error:  Uncaught exception 'PDOException' with message 'SQLSTATE[42S22]: Column not found: 1054 Unknown column 'id=13' in 'where clause'' in /home/ubuntu/workspace/s19cst336/Final/api/selectRow.php:12
Stack trace:
#0 /home/ubuntu/workspace/s19cst336/Final/api/selectRow.php(12): PDO->prepare('SELECT 1 FROM `...')
#1 {main}
  thrown in /home/ubuntu/workspace/s19cst336/Final/api/selectRow.php on line 12
[13-May-2019 20:12:54 UTC] PHP Fatal error:  Uncaught exception 'PDOException' with message 'SQLSTATE[42S22]: Column not found: 1054 Unknown column 'id=13' in 'where clause'' in /home/ubuntu/workspace/s19cst336/Final/api/selectRow.php:12
Stack trace:
#0 /home/ubuntu/workspace/s19cst336/Final/api/selectRow.php(12): PDO->prepare('SELECT 1 FROM `...')
#1 {main}
  thrown in /home/ubuntu/workspace/s19cst336/Final/api/selectRow.php on line 12
[13-May-2019 20:15:12 UTC] PHP Fatal error:  Uncaught exception 'PDOException' with message 'SQLSTATE[42S22]: Column not found: 1054 Unknown column 'id=13' in 'where clause'' in /home/ubuntu/workspace/s19cst336/Final/api/selectRow.php:12
Stack trace:
#0 /home/ubuntu/workspace/s19cst336/Final/api/selectRow.php(12): PDO->prepare('SELECT 1 FROM `...')
#1 {main}
  thrown in /home/ubuntu/workspace/s19cst336/Final/api/selectRow.php on line 12
[13-May-2019 20:15:44 UTC] PHP Fatal error:  Uncaught exception 'PDOException' with message 'SQLSTATE[42S22]: Column not found: 1054 Unknown column 'id=13' in 'where clause'' in /home/ubuntu/workspace/s19cst336/Final/api/selectRow.php:12
Stack trace:
#0 /home/ubuntu/workspace/s19cst336/Final/api/selectRow.php(12): PDO->prepare('SELECT 1 FROM `...')
#1 {main}
  thrown in /home/ubuntu/workspace/s19cst336/Final/api/selectRow.php on line 12
