[28-Apr-2019 23:21:14 UTC] PHP Fatal error:  Uncaught exception 'PDOException' with message 'SQLSTATE[42000]: Syntax error or access violation: 1064 You have an error in your SQL syntax; check the manual that corresponds to your MySQL server version for the right syntax to use near 'like (link) VALUES ('https://pixabay.com/get/ef3cb10a2ef21c22d2524518b74d4494e07' at line 1' in /home/ubuntu/workspace/s19cst336/Labs/lab8/api/heart.php:10
Stack trace:
#0 /home/ubuntu/workspace/s19cst336/Labs/lab8/api/heart.php(10): PDOStatement->execute()
#1 {main}
  thrown in /home/ubuntu/workspace/s19cst336/Labs/lab8/api/heart.php on line 10
[28-Apr-2019 23:33:58 UTC] PHP Fatal error:  Uncaught exception 'PDOException' with message 'SQLSTATE[42000]: Syntax error or access violation: 1064 You have an error in your SQL syntax; check the manual that corresponds to your MySQL server version for the right syntax to use near 'like (link) VALUES ('https://pixabay.com/get/ef3cb10a2ef21c22d2524518b74d4494e07' at line 1' in /home/ubuntu/workspace/s19cst336/Labs/lab8/api/heart.php:10
Stack trace:
#0 /home/ubuntu/workspace/s19cst336/Labs/lab8/api/heart.php(10): PDOStatement->execute()
#1 {main}
  thrown in /home/ubuntu/workspace/s19cst336/Labs/lab8/api/heart.php on line 10
[28-Apr-2019 23:35:26 UTC] PHP Fatal error:  Uncaught exception 'PDOException' with message 'SQLSTATE[42000]: Syntax error or access violation: 1064 You have an error in your SQL syntax; check the manual that corresponds to your MySQL server version for the right syntax to use near 'like (link) VALUES ('https://pixabay.com/get/ef3cb10a2ef21c22d2524518b74d4494e07' at line 1' in /home/ubuntu/workspace/s19cst336/Labs/lab8/api/heart.php:10
Stack trace:
#0 /home/ubuntu/workspace/s19cst336/Labs/lab8/api/heart.php(10): PDOStatement->execute()
#1 {main}
  thrown in /home/ubuntu/workspace/s19cst336/Labs/lab8/api/heart.php on line 10
[28-Apr-2019 23:38:14 UTC] PHP Fatal error:  Uncaught exception 'PDOException' with message 'SQLSTATE[42000]: Syntax error or access violation: 1064 You have an error in your SQL syntax; check the manual that corresponds to your MySQL server version for the right syntax to use near 'like (link) VALUES ('https://pixabay.com/get/ef3cb10a2ef21c22d2524518b74d4494e07' at line 1' in /home/ubuntu/workspace/s19cst336/Labs/lab8/api/heart.php:10
Stack trace:
#0 /home/ubuntu/workspace/s19cst336/Labs/lab8/api/heart.php(10): PDOStatement->execute()
#1 {main}
  thrown in /home/ubuntu/workspace/s19cst336/Labs/lab8/api/heart.php on line 10
[28-Apr-2019 23:45:52 UTC] PHP Fatal error:  Uncaught exception 'PDOException' with message 'SQLSTATE[42000]: Syntax error or access violation: 1064 You have an error in your SQL syntax; check the manual that corresponds to your MySQL server version for the right syntax to use near 'like (url) VALUES ('https://pixabay.com/get/ef3cb10a2ef21c22d2524518b74d4494e076' at line 1' in /home/ubuntu/workspace/s19cst336/Labs/lab8/api/heart.php:10
Stack trace:
#0 /home/ubuntu/workspace/s19cst336/Labs/lab8/api/heart.php(10): PDOStatement->execute()
#1 {main}
  thrown in /home/ubuntu/workspace/s19cst336/Labs/lab8/api/heart.php on line 10
[28-Apr-2019 23:48:19 UTC] PHP Fatal error:  Uncaught exception 'PDOException' with message 'SQLSTATE[42000]: Syntax error or access violation: 1064 You have an error in your SQL syntax; check the manual that corresponds to your MySQL server version for the right syntax to use near 'like (url) VALUES ('https://pixabay.com/get/ef3cb10a2ef21c22d2524518b74d4494e076' at line 1' in /home/ubuntu/workspace/s19cst336/Labs/lab8/api/heart.php:10
Stack trace:
#0 /home/ubuntu/workspace/s19cst336/Labs/lab8/api/heart.php(10): PDOStatement->execute()
#1 {main}
  thrown in /home/ubuntu/workspace/s19cst336/Labs/lab8/api/heart.php on line 10
[28-Apr-2019 23:49:37 UTC] PHP Fatal error:  Uncaught exception 'PDOException' with message 'SQLSTATE[42000]: Syntax error or access violation: 1064 You have an error in your SQL syntax; check the manual that corresponds to your MySQL server version for the right syntax to use near 'like (url) VALUES ('https://pixabay.com/get/ef3cb10a2ef21c22d2524518b74d4494e076' at line 1' in /home/ubuntu/workspace/s19cst336/Labs/lab8/api/heart.php:10
Stack trace:
#0 /home/ubuntu/workspace/s19cst336/Labs/lab8/api/heart.php(10): PDOStatement->execute()
#1 {main}
  thrown in /home/ubuntu/workspace/s19cst336/Labs/lab8/api/heart.php on line 10
[29-Apr-2019 00:05:51 UTC] PHP Fatal error:  Uncaught exception 'PDOException' with message 'SQLSTATE[42000]: Syntax error or access violation: 1064 You have an error in your SQL syntax; check the manual that corresponds to your MySQL server version for the right syntax to use near 'like (url) VALUES ('https://pixabay.com/get/ef3cb10a2ef21c22d2524518b74d4494e076' at line 1' in /home/ubuntu/workspace/s19cst336/Labs/lab8/api/heart.php:10
Stack trace:
#0 /home/ubuntu/workspace/s19cst336/Labs/lab8/api/heart.php(10): PDOStatement->execute()
#1 {main}
  thrown in /home/ubuntu/workspace/s19cst336/Labs/lab8/api/heart.php on line 10
[29-Apr-2019 00:10:20 UTC] PHP Fatal error:  Uncaught exception 'PDOException' with message 'SQLSTATE[42000]: Syntax error or access violation: 1064 You have an error in your SQL syntax; check the manual that corresponds to your MySQL server version for the right syntax to use near 'like (link) VALUES ('https://pixabay.com/get/ef3cb10a2ef21c22d2524518b74d4494e07' at line 1' in /home/ubuntu/workspace/s19cst336/Labs/lab8/api/heart.php:10
Stack trace:
#0 /home/ubuntu/workspace/s19cst336/Labs/lab8/api/heart.php(10): PDOStatement->execute()
#1 {main}
  thrown in /home/ubuntu/workspace/s19cst336/Labs/lab8/api/heart.php on line 10
[29-Apr-2019 00:19:03 UTC] PHP Fatal error:  Uncaught exception 'PDOException' with message 'SQLSTATE[42S02]: Base table or view not found: 1146 Table 'favorites.liked' doesn't exist' in /home/ubuntu/workspace/s19cst336/Labs/lab8/api/heart.php:10
Stack trace:
#0 /home/ubuntu/workspace/s19cst336/Labs/lab8/api/heart.php(10): PDOStatement->execute()
#1 {main}
  thrown in /home/ubuntu/workspace/s19cst336/Labs/lab8/api/heart.php on line 10
[29-Apr-2019 00:21:30 UTC] PHP Fatal error:  Uncaught exception 'PDOException' with message 'SQLSTATE[42S02]: Base table or view not found: 1146 Table 'favorites.liked' doesn't exist' in /home/ubuntu/workspace/s19cst336/Labs/lab8/api/heart.php:10
Stack trace:
#0 /home/ubuntu/workspace/s19cst336/Labs/lab8/api/heart.php(10): PDOStatement->execute()
#1 {main}
  thrown in /home/ubuntu/workspace/s19cst336/Labs/lab8/api/heart.php on line 10
[29-Apr-2019 00:22:02 UTC] PHP Fatal error:  Uncaught exception 'PDOException' with message 'SQLSTATE[42000]: Syntax error or access violation: 1064 You have an error in your SQL syntax; check the manual that corresponds to your MySQL server version for the right syntax to use near 'like (link) VALUES ('https://pixabay.com/get/ef3cb10a2ef21c22d2524518b74d4494e07' at line 1' in /home/ubuntu/workspace/s19cst336/Labs/lab8/api/heart.php:10
Stack trace:
#0 /home/ubuntu/workspace/s19cst336/Labs/lab8/api/heart.php(10): PDOStatement->execute()
#1 {main}
  thrown in /home/ubuntu/workspace/s19cst336/Labs/lab8/api/heart.php on line 10
[29-Apr-2019 00:23:58 UTC] PHP Fatal error:  Uncaught exception 'PDOException' with message 'SQLSTATE[HY000]: General error' in /home/ubuntu/workspace/s19cst336/Labs/lab8/api/heart.php:11
Stack trace:
#0 /home/ubuntu/workspace/s19cst336/Labs/lab8/api/heart.php(11): PDOStatement->fetchAll(2)
#1 {main}
  thrown in /home/ubuntu/workspace/s19cst336/Labs/lab8/api/heart.php on line 11
[29-Apr-2019 00:25:49 UTC] PHP Fatal error:  Uncaught exception 'PDOException' with message 'SQLSTATE[HY000]: General error' in /home/ubuntu/workspace/s19cst336/Labs/lab8/api/heart.php:11
Stack trace:
#0 /home/ubuntu/workspace/s19cst336/Labs/lab8/api/heart.php(11): PDOStatement->fetch(2)
#1 {main}
  thrown in /home/ubuntu/workspace/s19cst336/Labs/lab8/api/heart.php on line 11
[29-Apr-2019 00:27:01 UTC] PHP Fatal error:  Uncaught exception 'PDOException' with message 'SQLSTATE[HY000]: General error' in /home/ubuntu/workspace/s19cst336/Labs/lab8/api/heart.php:11
Stack trace:
#0 /home/ubuntu/workspace/s19cst336/Labs/lab8/api/heart.php(11): PDOStatement->fetch(2)
#1 {main}
  thrown in /home/ubuntu/workspace/s19cst336/Labs/lab8/api/heart.php on line 11
[29-Apr-2019 00:31:47 UTC] PHP Fatal error:  Uncaught exception 'PDOException' with message 'SQLSTATE[HY000]: General error' in /home/ubuntu/workspace/s19cst336/Labs/lab8/api/heart.php:11
Stack trace:
#0 /home/ubuntu/workspace/s19cst336/Labs/lab8/api/heart.php(11): PDOStatement->fetchAll(2)
#1 {main}
  thrown in /home/ubuntu/workspace/s19cst336/Labs/lab8/api/heart.php on line 11
[29-Apr-2019 00:34:20 UTC] PHP Fatal error:  Uncaught exception 'PDOException' with message 'SQLSTATE[HY000]: General error' in /home/ubuntu/workspace/s19cst336/Labs/lab8/api/heart.php:12
Stack trace:
#0 /home/ubuntu/workspace/s19cst336/Labs/lab8/api/heart.php(12): PDOStatement->fetchAll(2)
#1 {main}
  thrown in /home/ubuntu/workspace/s19cst336/Labs/lab8/api/heart.php on line 12
[29-Apr-2019 00:35:53 UTC] PHP Fatal error:  Uncaught exception 'PDOException' with message 'SQLSTATE[HY000]: General error' in /home/ubuntu/workspace/s19cst336/Labs/lab8/api/heart.php:11
Stack trace:
#0 /home/ubuntu/workspace/s19cst336/Labs/lab8/api/heart.php(11): PDOStatement->fetchAll(2)
#1 {main}
  thrown in /home/ubuntu/workspace/s19cst336/Labs/lab8/api/heart.php on line 11
[29-Apr-2019 00:38:24 UTC] PHP Fatal error:  Uncaught exception 'PDOException' with message 'SQLSTATE[HY000]: General error' in /home/ubuntu/workspace/s19cst336/Labs/lab8/api/heart.php:11
Stack trace:
#0 /home/ubuntu/workspace/s19cst336/Labs/lab8/api/heart.php(11): PDOStatement->fetchAll(2)
#1 {main}
  thrown in /home/ubuntu/workspace/s19cst336/Labs/lab8/api/heart.php on line 11
[29-Apr-2019 00:40:51 UTC] PHP Fatal error:  Uncaught exception 'PDOException' with message 'SQLSTATE[HY000]: General error' in /home/ubuntu/workspace/s19cst336/Labs/lab8/api/heart.php:11
Stack trace:
#0 /home/ubuntu/workspace/s19cst336/Labs/lab8/api/heart.php(11): PDOStatement->fetchAll(2)
#1 {main}
  thrown in /home/ubuntu/workspace/s19cst336/Labs/lab8/api/heart.php on line 11
[29-Apr-2019 00:41:50 UTC] PHP Fatal error:  Uncaught exception 'PDOException' with message 'SQLSTATE[HY000]: General error' in /home/ubuntu/workspace/s19cst336/Labs/lab8/api/heart.php:11
Stack trace:
#0 /home/ubuntu/workspace/s19cst336/Labs/lab8/api/heart.php(11): PDOStatement->fetchAll(2)
#1 {main}
  thrown in /home/ubuntu/workspace/s19cst336/Labs/lab8/api/heart.php on line 11
[29-Apr-2019 00:42:14 UTC] PHP Fatal error:  Uncaught exception 'PDOException' with message 'SQLSTATE[42S02]: Base table or view not found: 1146 Table 'favorites.liked' doesn't exist' in /home/ubuntu/workspace/s19cst336/Labs/lab8/api/unheart.php:10
Stack trace:
#0 /home/ubuntu/workspace/s19cst336/Labs/lab8/api/unheart.php(10): PDOStatement->execute()
#1 {main}
  thrown in /home/ubuntu/workspace/s19cst336/Labs/lab8/api/unheart.php on line 10
[29-Apr-2019 00:43:14 UTC] PHP Fatal error:  Uncaught exception 'PDOException' with message 'SQLSTATE[HY000]: General error' in /home/ubuntu/workspace/s19cst336/Labs/lab8/api/heart.php:11
Stack trace:
#0 /home/ubuntu/workspace/s19cst336/Labs/lab8/api/heart.php(11): PDOStatement->fetchAll(2)
#1 {main}
  thrown in /home/ubuntu/workspace/s19cst336/Labs/lab8/api/heart.php on line 11
[29-Apr-2019 00:43:24 UTC] PHP Fatal error:  Uncaught exception 'PDOException' with message 'SQLSTATE[42000]: Syntax error or access violation: 1064 You have an error in your SQL syntax; check the manual that corresponds to your MySQL server version for the right syntax to use near 'like WHERE link='https://pixabay.com/get/ea36b90f2df0093ed1584d05fb1d4794e174e3d' at line 1' in /home/ubuntu/workspace/s19cst336/Labs/lab8/api/unheart.php:10
Stack trace:
#0 /home/ubuntu/workspace/s19cst336/Labs/lab8/api/unheart.php(10): PDOStatement->execute()
#1 {main}
  thrown in /home/ubuntu/workspace/s19cst336/Labs/lab8/api/unheart.php on line 10
[29-Apr-2019 00:47:52 UTC] PHP Fatal error:  Uncaught exception 'PDOException' with message 'SQLSTATE[HY000]: General error' in /home/ubuntu/workspace/s19cst336/Labs/lab8/api/heart.php:11
Stack trace:
#0 /home/ubuntu/workspace/s19cst336/Labs/lab8/api/heart.php(11): PDOStatement->fetchAll(2)
#1 {main}
  thrown in /home/ubuntu/workspace/s19cst336/Labs/lab8/api/heart.php on line 11
[29-Apr-2019 00:48:04 UTC] PHP Fatal error:  Uncaught exception 'PDOException' with message 'SQLSTATE[HY000]: General error' in /home/ubuntu/workspace/s19cst336/Labs/lab8/api/unheart.php:11
Stack trace:
#0 /home/ubuntu/workspace/s19cst336/Labs/lab8/api/unheart.php(11): PDOStatement->fetchAll(2)
#1 {main}
  thrown in /home/ubuntu/workspace/s19cst336/Labs/lab8/api/unheart.php on line 11
[29-Apr-2019 01:03:33 UTC] PHP Fatal error:  Uncaught exception 'PDOException' with message 'SQLSTATE[HY000]: General error' in /home/ubuntu/workspace/s19cst336/Labs/lab8/api/heart.php:11
Stack trace:
#0 /home/ubuntu/workspace/s19cst336/Labs/lab8/api/heart.php(11): PDOStatement->fetchAll(2)
#1 {main}
  thrown in /home/ubuntu/workspace/s19cst336/Labs/lab8/api/heart.php on line 11
[29-Apr-2019 01:03:34 UTC] PHP Fatal error:  Uncaught exception 'PDOException' with message 'SQLSTATE[HY000]: General error' in /home/ubuntu/workspace/s19cst336/Labs/lab8/api/heart.php:11
Stack trace:
#0 /home/ubuntu/workspace/s19cst336/Labs/lab8/api/heart.php(11): PDOStatement->fetchAll(2)
#1 {main}
  thrown in /home/ubuntu/workspace/s19cst336/Labs/lab8/api/heart.php on line 11
[29-Apr-2019 01:03:35 UTC] PHP Fatal error:  Uncaught exception 'PDOException' with message 'SQLSTATE[HY000]: General error' in /home/ubuntu/workspace/s19cst336/Labs/lab8/api/heart.php:11
Stack trace:
#0 /home/ubuntu/workspace/s19cst336/Labs/lab8/api/heart.php(11): PDOStatement->fetchAll(2)
#1 {main}
  thrown in /home/ubuntu/workspace/s19cst336/Labs/lab8/api/heart.php on line 11
[29-Apr-2019 01:03:36 UTC] PHP Fatal error:  Uncaught exception 'PDOException' with message 'SQLSTATE[HY000]: General error' in /home/ubuntu/workspace/s19cst336/Labs/lab8/api/heart.php:11
Stack trace:
#0 /home/ubuntu/workspace/s19cst336/Labs/lab8/api/heart.php(11): PDOStatement->fetchAll(2)
#1 {main}
  thrown in /home/ubuntu/workspace/s19cst336/Labs/lab8/api/heart.php on line 11
[29-Apr-2019 01:03:37 UTC] PHP Fatal error:  Uncaught exception 'PDOException' with message 'SQLSTATE[HY000]: General error' in /home/ubuntu/workspace/s19cst336/Labs/lab8/api/heart.php:11
Stack trace:
#0 /home/ubuntu/workspace/s19cst336/Labs/lab8/api/heart.php(11): PDOStatement->fetchAll(2)
#1 {main}
  thrown in /home/ubuntu/workspace/s19cst336/Labs/lab8/api/heart.php on line 11
[29-Apr-2019 01:03:38 UTC] PHP Fatal error:  Uncaught exception 'PDOException' with message 'SQLSTATE[HY000]: General error' in /home/ubuntu/workspace/s19cst336/Labs/lab8/api/heart.php:11
Stack trace:
#0 /home/ubuntu/workspace/s19cst336/Labs/lab8/api/heart.php(11): PDOStatement->fetchAll(2)
#1 {main}
  thrown in /home/ubuntu/workspace/s19cst336/Labs/lab8/api/heart.php on line 11
[29-Apr-2019 01:40:33 UTC] PHP Fatal error:  Uncaught exception 'PDOException' with message 'SQLSTATE[HY000]: General error' in /home/ubuntu/workspace/s19cst336/Labs/lab8/api/unheart.php:11
Stack trace:
#0 /home/ubuntu/workspace/s19cst336/Labs/lab8/api/unheart.php(11): PDOStatement->fetchAll(2)
#1 {main}
  thrown in /home/ubuntu/workspace/s19cst336/Labs/lab8/api/unheart.php on line 11
